<?xml version="1.0" encoding="UTF-8"?>
<!-- Generated by org.testng.reporters.JUnitXMLReporter -->
<testsuite ignored="0" hostname="LAPTOP-V63JSBHA" failures="0" tests="3" name="Test" time="28.938" errors="0" timestamp="07 Apr 2021 16:57:35 GMT">
  <testcase classname="Academy.HomePage" name="basePageNavigation" time="10.362"/>
  <testcase classname="Academy.HomePage" name="basePageNavigation" time="9.205"/>
  <testcase classname="Academy.ValidateTitle" name="basePageNavigation" time="9.298"/>
</testsuite> <!-- Test -->
