<?xml version="1.0" encoding="UTF-8"?>
<!-- Generated by org.testng.reporters.JUnitXMLReporter -->
<testsuite hostname="LAPTOP-V63JSBHA" ignored="0" name="ValidatingTitle" tests="1" failures="1" timestamp="2021-04-15T12:22:54 IST" time="9.563" errors="0">
  <testcase name="basePageNavigation" time="0.166" classname="Academy.ValidateTitle">
    <failure type="java.lang.AssertionError" message="expected [FEATURED COURSE] but found [FEATURED COURSES]">
      <![CDATA[java.lang.AssertionError: expected [FEATURED COURSE] but found [FEATURED COURSES]
at Academy.ValidateTitle.basePageNavigation(ValidateTitle.java:38)
at java.util.ArrayList.forEach(ArrayList.java:1259)
... Removed 37 stack frames]]>
    </failure>
  </testcase> <!-- basePageNavigation -->
</testsuite> <!-- ValidatingTitle -->
